0 info it worked if it ends with ok
1 verbose cli [ 'C:\\Program Files\\nodejs\\node.exe',
1 verbose cli   'C:\\Program Files\\nodejs\\node_modules\\npm\\bin\\npm-cli.js',
1 verbose cli   'install' ]
2 info using npm@3.7.3
3 info using node@v5.8.0
4 silly loadCurrentTree Starting
5 silly install loadCurrentTree
6 silly install readLocalPackageData
7 silly install normalizeTree
8 silly loadCurrentTree Finishing
9 silly loadIdealTree Starting
10 silly install loadIdealTree
11 silly cloneCurrentTree Starting
12 silly install cloneCurrentTreeToIdealTree
13 silly cloneCurrentTree Finishing
14 silly loadShrinkwrap Starting
15 silly install loadShrinkwrap
16 silly loadShrinkwrap Finishing
17 silly loadAllDepsIntoIdealTree Starting
18 silly install loadAllDepsIntoIdealTree
19 silly fetchNamedPackageData accounting
20 silly mapToRegistry name accounting
21 silly mapToRegistry using default registry
22 silly mapToRegistry registry https://registry.npmjs.org/
23 silly mapToRegistry uri https://registry.npmjs.org/accounting
24 silly fetchNamedPackageData chai
25 silly mapToRegistry name chai
26 silly mapToRegistry using default registry
27 silly mapToRegistry registry https://registry.npmjs.org/
28 silly mapToRegistry uri https://registry.npmjs.org/chai
29 silly fetchNamedPackageData ramda
30 silly mapToRegistry name ramda
31 silly mapToRegistry using default registry
32 silly mapToRegistry registry https://registry.npmjs.org/
33 silly mapToRegistry uri https://registry.npmjs.org/ramda
34 verbose request uri https://registry.npmjs.org/accounting
35 verbose request no auth needed
36 info attempt registry request try #1 at 10:10:55
37 verbose request id accf5f04db6b403a
38 http request GET https://registry.npmjs.org/accounting
39 verbose request uri https://registry.npmjs.org/ramda
40 verbose request no auth needed
41 info attempt registry request try #1 at 10:10:55
42 http request GET https://registry.npmjs.org/ramda
43 info retry will retry, error on last attempt: Error: getaddrinfo ENOTFOUND registry.npmjs.org registry.npmjs.org:443
44 info retry will retry, error on last attempt: Error: getaddrinfo ENOTFOUND registry.npmjs.org registry.npmjs.org:443
45 verbose request uri https://registry.npmjs.org/chai
46 verbose request no auth needed
47 info attempt registry request try #1 at 10:10:55
48 verbose etag W/"58535a4a-164f6"
49 verbose lastModified Fri, 16 Dec 2016 03:06:50 GMT
50 http request GET https://registry.npmjs.org/chai
51 info retry will retry, error on last attempt: Error: getaddrinfo ENOTFOUND registry.npmjs.org registry.npmjs.org:443
52 info attempt registry request try #2 at 10:11:05
53 http request GET https://registry.npmjs.org/accounting
54 info attempt registry request try #2 at 10:11:06
55 http request GET https://registry.npmjs.org/ramda
56 info attempt registry request try #2 at 10:11:06
57 verbose etag W/"58535a4a-164f6"
58 verbose lastModified Fri, 16 Dec 2016 03:06:50 GMT
59 http request GET https://registry.npmjs.org/chai
60 info retry will retry, error on last attempt: Error: getaddrinfo ENOTFOUND registry.npmjs.org registry.npmjs.org:443
61 info retry will retry, error on last attempt: Error: getaddrinfo ENOTFOUND registry.npmjs.org registry.npmjs.org:443
62 info retry will retry, error on last attempt: Error: getaddrinfo ENOTFOUND registry.npmjs.org registry.npmjs.org:443
63 info attempt registry request try #3 at 10:12:06
64 http request GET https://registry.npmjs.org/accounting
65 info attempt registry request try #3 at 10:12:06
66 http request GET https://registry.npmjs.org/ramda
67 info attempt registry request try #3 at 10:12:06
68 verbose etag W/"58535a4a-164f6"
69 verbose lastModified Fri, 16 Dec 2016 03:06:50 GMT
70 http request GET https://registry.npmjs.org/chai
71 silly fetchPackageMetaData Error: getaddrinfo ENOTFOUND registry.npmjs.org registry.npmjs.org:443
71 silly fetchPackageMetaData     at errnoException (dns.js:26:10)
71 silly fetchPackageMetaData     at GetAddrInfoReqWrap.onlookup [as oncomplete] (dns.js:77:26)
71 silly fetchPackageMetaData  error for accounting@^0.4.1 { [Error: getaddrinfo ENOTFOUND registry.npmjs.org registry.npmjs.org:443]
71 silly fetchPackageMetaData   code: 'ENOTFOUND',
71 silly fetchPackageMetaData   errno: 'ENOTFOUND',
71 silly fetchPackageMetaData   syscall: 'getaddrinfo',
71 silly fetchPackageMetaData   hostname: 'registry.npmjs.org',
71 silly fetchPackageMetaData   host: 'registry.npmjs.org',
71 silly fetchPackageMetaData   port: 443 }
72 silly fetchPackageMetaData Error: getaddrinfo ENOTFOUND registry.npmjs.org registry.npmjs.org:443
72 silly fetchPackageMetaData     at errnoException (dns.js:26:10)
72 silly fetchPackageMetaData     at GetAddrInfoReqWrap.onlookup [as oncomplete] (dns.js:77:26)
72 silly fetchPackageMetaData  error for ramda@^0.13.0 { [Error: getaddrinfo ENOTFOUND registry.npmjs.org registry.npmjs.org:443]
72 silly fetchPackageMetaData   code: 'ENOTFOUND',
72 silly fetchPackageMetaData   errno: 'ENOTFOUND',
72 silly fetchPackageMetaData   syscall: 'getaddrinfo',
72 silly fetchPackageMetaData   hostname: 'registry.npmjs.org',
72 silly fetchPackageMetaData   host: 'registry.npmjs.org',
72 silly fetchPackageMetaData   port: 443 }
73 silly get cb [ 304, undefined ]
74 verbose etag https://registry.npmjs.org/chai from cache
75 verbose get saving chai to C:\Users\jzabala\AppData\Roaming\npm-cache\registry.npmjs.org\chai\.cache.json
76 verbose correctMkdir C:\Users\jzabala\AppData\Roaming\npm-cache correctMkdir not in flight; initializing
77 silly resolveWithNewModule chai@1.10.0 checking installable status
78 silly cache add args [ 'chai@^1.9.1', null ]
79 verbose cache add spec chai@^1.9.1
80 silly cache add parsed spec Result {
80 silly cache add   raw: 'chai@^1.9.1',
80 silly cache add   scope: null,
80 silly cache add   name: 'chai',
80 silly cache add   rawSpec: '^1.9.1',
80 silly cache add   spec: '>=1.9.1 <2.0.0',
80 silly cache add   type: 'range' }
81 silly addNamed chai@>=1.9.1 <2.0.0
82 verbose addNamed ">=1.9.1 <2.0.0" is a valid semver range for chai
83 silly addNameRange { name: 'chai', range: '>=1.9.1 <2.0.0', hasData: false }
84 silly mapToRegistry name chai
85 silly mapToRegistry using default registry
86 silly mapToRegistry registry https://registry.npmjs.org/
87 silly mapToRegistry uri https://registry.npmjs.org/chai
88 verbose addNameRange registry:https://registry.npmjs.org/chai not in flight; fetching
89 verbose get https://registry.npmjs.org/chai not expired, no request
90 silly addNameRange number 2 { name: 'chai', range: '>=1.9.1 <2.0.0', hasData: true }
91 silly addNameRange versions [ 'chai',
91 silly addNameRange   [ '0.0.1',
91 silly addNameRange     '0.0.2',
91 silly addNameRange     '0.1.0',
91 silly addNameRange     '0.1.1',
91 silly addNameRange     '0.1.2',
91 silly addNameRange     '0.1.3',
91 silly addNameRange     '0.1.4',
91 silly addNameRange     '0.1.5',
91 silly addNameRange     '0.1.6',
91 silly addNameRange     '0.1.7',
91 silly addNameRange     '0.2.0',
91 silly addNameRange     '0.2.1',
91 silly addNameRange     '0.2.2',
91 silly addNameRange     '0.2.3',
91 silly addNameRange     '0.2.4',
91 silly addNameRange     '0.3.0',
91 silly addNameRange     '0.3.1',
91 silly addNameRange     '0.3.2',
91 silly addNameRange     '0.3.3',
91 silly addNameRange     '0.3.4',
91 silly addNameRange     '0.4.0',
91 silly addNameRange     '0.4.1',
91 silly addNameRange     '0.4.2',
91 silly addNameRange     '0.5.0',
91 silly addNameRange     '0.5.1',
91 silly addNameRange     '0.5.2',
91 silly addNameRange     '0.5.3',
91 silly addNameRange     '1.0.0',
91 silly addNameRange     '1.0.1',
91 silly addNameRange     '1.0.2',
91 silly addNameRange     '1.0.3',
91 silly addNameRange     '1.0.4',
91 silly addNameRange     '1.1.0',
91 silly addNameRange     '1.1.1',
91 silly addNameRange     '1.2.0',
91 silly addNameRange     '1.3.0',
91 silly addNameRange     '1.4.0',
91 silly addNameRange     '1.4.1',
91 silly addNameRange     '1.4.2',
91 silly addNameRange     '1.5.0',
91 silly addNameRange     '1.6.0',
91 silly addNameRange     '1.6.1',
91 silly addNameRange     '1.7.0',
91 silly addNameRange     '1.7.1',
91 silly addNameRange     '1.7.2',
91 silly addNameRange     '1.8.0',
91 silly addNameRange     '1.8.1',
91 silly addNameRange     '1.9.0',
91 silly addNameRange     '1.9.1',
91 silly addNameRange     '1.9.2',
91 silly addNameRange     '1.10.0',
91 silly addNameRange     '2.0.0',
91 silly addNameRange     '2.1.0',
91 silly addNameRange     '2.1.1',
91 silly addNameRange     '2.1.2',
91 silly addNameRange     '2.2.0',
91 silly addNameRange     '2.3.0',
91 silly addNameRange     '3.0.0',
91 silly addNameRange     '3.1.0',
91 silly addNameRange     '3.2.0',
91 silly addNameRange     '3.3.0',
91 silly addNameRange     '3.4.0',
91 silly addNameRange     '3.4.1',
91 silly addNameRange     '3.5.0',
91 silly addNameRange     '4.0.0-canary.1' ] ]
92 silly addNamed chai@1.10.0
93 verbose addNamed "1.10.0" is a plain semver version for chai
94 silly mapToRegistry name chai
95 silly mapToRegistry using default registry
96 silly mapToRegistry registry https://registry.npmjs.org/
97 silly mapToRegistry uri https://registry.npmjs.org/chai
98 verbose addRemoteTarball https://registry.npmjs.org/chai/-/chai-1.10.0.tgz not in flight; adding
99 verbose addRemoteTarball [ 'https://registry.npmjs.org/chai/-/chai-1.10.0.tgz',
99 verbose addRemoteTarball   'e4031cc87654461a75943e5a35ab46eaf39c1eb9' ]
100 info retry fetch attempt 1 at 10:12:06
101 info attempt registry request try #1 at 10:12:06
102 http fetch GET https://registry.npmjs.org/chai/-/chai-1.10.0.tgz
103 info retry will retry, error on last attempt: Error: getaddrinfo ENOTFOUND registry.npmjs.org registry.npmjs.org:443
104 info attempt registry request try #2 at 10:12:16
105 http fetch GET https://registry.npmjs.org/chai/-/chai-1.10.0.tgz
106 info retry will retry, error on last attempt: Error: getaddrinfo ENOTFOUND registry.npmjs.org registry.npmjs.org:443
107 info attempt registry request try #3 at 10:13:16
108 http fetch GET https://registry.npmjs.org/chai/-/chai-1.10.0.tgz
109 error fetch failed https://registry.npmjs.org/chai/-/chai-1.10.0.tgz
110 warn retry will retry, error on last attempt: Error: getaddrinfo ENOTFOUND registry.npmjs.org registry.npmjs.org:443
111 info retry fetch attempt 2 at 10:13:26
112 info attempt registry request try #1 at 10:13:26
113 http fetch GET https://registry.npmjs.org/chai/-/chai-1.10.0.tgz
114 info retry will retry, error on last attempt: Error: getaddrinfo ENOTFOUND registry.npmjs.org registry.npmjs.org:443
115 info attempt registry request try #2 at 10:13:36
116 http fetch GET https://registry.npmjs.org/chai/-/chai-1.10.0.tgz
117 info retry will retry, error on last attempt: Error: getaddrinfo ENOTFOUND registry.npmjs.org registry.npmjs.org:443
118 info attempt registry request try #3 at 10:14:36
119 http fetch GET https://registry.npmjs.org/chai/-/chai-1.10.0.tgz
120 error fetch failed https://registry.npmjs.org/chai/-/chai-1.10.0.tgz
121 warn retry will retry, error on last attempt: Error: getaddrinfo ENOTFOUND registry.npmjs.org registry.npmjs.org:443
122 info retry fetch attempt 3 at 10:15:36
123 info attempt registry request try #1 at 10:15:36
124 http fetch GET https://registry.npmjs.org/chai/-/chai-1.10.0.tgz
125 info retry will retry, error on last attempt: Error: getaddrinfo ENOTFOUND registry.npmjs.org registry.npmjs.org:443
126 info attempt registry request try #2 at 10:15:46
127 http fetch GET https://registry.npmjs.org/chai/-/chai-1.10.0.tgz
128 info retry will retry, error on last attempt: Error: getaddrinfo ENOTFOUND registry.npmjs.org registry.npmjs.org:443
129 info attempt registry request try #3 at 10:16:46
130 http fetch GET https://registry.npmjs.org/chai/-/chai-1.10.0.tgz
131 error fetch failed https://registry.npmjs.org/chai/-/chai-1.10.0.tgz
132 silly rollbackFailedOptional Starting
133 silly rollbackFailedOptional Finishing
134 silly runTopLevelLifecycles Starting
135 silly runTopLevelLifecycles Finishing
136 silly install printInstalled
137 verbose stack Error: getaddrinfo ENOTFOUND registry.npmjs.org registry.npmjs.org:443
137 verbose stack     at errnoException (dns.js:26:10)
137 verbose stack     at GetAddrInfoReqWrap.onlookup [as oncomplete] (dns.js:77:26)
138 verbose cwd C:\Users\jzabala\Desktop\backup-johnny\workspace\mostly_adequate_guide_to_functional_programming_examples\github\mostly-adequate-guide\code\part1_exercises\answers\curry
139 error Windows_NT 6.3.9600
140 error argv "C:\\Program Files\\nodejs\\node.exe" "C:\\Program Files\\nodejs\\node_modules\\npm\\bin\\npm-cli.js" "install"
141 error node v5.8.0
142 error npm  v3.7.3
143 error code ENOTFOUND
144 error errno ENOTFOUND
145 error syscall getaddrinfo
146 error network getaddrinfo ENOTFOUND registry.npmjs.org registry.npmjs.org:443
147 error network This is most likely not a problem with npm itself
147 error network and is related to network connectivity.
147 error network In most cases you are behind a proxy or have bad network settings.
147 error network
147 error network If you are behind a proxy, please make sure that the
147 error network 'proxy' config is set properly.  See: 'npm help config'
148 verbose exit [ 1, true ]
